Using pre-set license
Built from '2021.3/release' branch; Version is '2021.3.17f1 (3e8111cac19d) revision 4096273'; Using compiler version '192829333'; Build Type 'Release'
OS: 'Windows 11  (10.0.22621) 64bit Core' Language: 'ko' Physical Memory: 16224 MB
BatchMode: 1, IsHumanControllingUs: 0, StartBugReporterOnCrash: 0, Is64bit: 1, IsPro: 1

COMMAND LINE ARGUMENTS:
D:\UnityHub\2021.3.17f1\Editor\Unity.exe
-adb2
-batchMode
-noUpm
-name
AssetImportWorker0
-projectPath
D:/UnityHub/Game/RunningAction/DinoRun
-logFile
Logs/AssetImportWorker0.log
-srvPort
3461
Successfully changed project path to: D:/UnityHub/Game/RunningAction/DinoRun
D:/UnityHub/Game/RunningAction/DinoRun
[UnityMemory] Configuration Parameters - Can be set up in boot.config
    "memorysetup-bucket-allocator-granularity=16"
    "memorysetup-bucket-allocator-bucket-count=8"
    "memorysetup-bucket-allocator-block-size=33554432"
    "memorysetup-bucket-allocator-block-count=8"
    "memorysetup-main-allocator-block-size=16777216"
    "memorysetup-thread-allocator-block-size=16777216"
    "memorysetup-gfx-main-allocator-block-size=16777216"
    "memorysetup-gfx-thread-allocator-block-size=16777216"
    "memorysetup-cache-allocator-block-size=4194304"
    "memorysetup-typetree-allocator-block-size=2097152"
    "memorysetup-profiler-bucket-allocator-granularity=16"
    "memorysetup-profiler-bucket-allocator-bucket-count=8"
    "memorysetup-profiler-bucket-allocator-block-size=33554432"
    "memorysetup-profiler-bucket-allocator-block-count=8"
    "memorysetup-profiler-allocator-block-size=16777216"
    "memorysetup-profiler-editor-allocator-block-size=1048576"
    "memorysetup-temp-allocator-size-main=16777216"
    "memorysetup-job-temp-allocator-block-size=2097152"
    "memorysetup-job-temp-allocator-block-size-background=1048576"
    "memorysetup-job-temp-allocator-reduction-small-platforms=262144"
    "memorysetup-temp-allocator-size-background-worker=32768"
    "memorysetup-temp-allocator-size-job-worker=262144"
    "memorysetup-temp-allocator-size-preload-manager=33554432"
    "memorysetup-temp-allocator-size-nav-mesh-worker=65536"
    "memorysetup-temp-allocator-size-audio-worker=65536"
    "memorysetup-temp-allocator-size-cloud-worker=32768"
    "memorysetup-temp-allocator-size-gi-baking-worker=262144"
    "memorysetup-temp-allocator-size-gfx=262144"
Player connection [16652] Host "[IP] 192.168.123.100 [Port] 0 [Flags] 2 [Guid] 178180721 [EditorId] 178180721 [Version] 1048832 [Id] WindowsEditor(7,DESKTOP-ILERIS5) [Debug] 1 [PackageName] WindowsEditor [ProjectName] Editor" joined multi-casting on [225.0.0.222:54997]...

Player connection [16652] Host "[IP] 192.168.123.100 [Port] 0 [Flags] 2 [Guid] 178180721 [EditorId] 178180721 [Version] 1048832 [Id] WindowsEditor(7,DESKTOP-ILERIS5) [Debug] 1 [PackageName] WindowsEditor [ProjectName] Editor" joined alternative multi-casting on [225.0.0.222:34997]...

Refreshing native plugins compatible for Editor in 596.27 ms, found 4 plugins.
Preloading 0 native plugins for Editor in 0.00 ms.
Initialize engine version: 2021.3.17f1 (3e8111cac19d)
[Subsystems] Discovering subsystems at path D:/UnityHub/2021.3.17f1/Editor/Data/Resources/UnitySubsystems
[Subsystems] Discovering subsystems at path D:/UnityHub/Game/RunningAction/DinoRun/Assets
GfxDevice: creating device client; threaded=0; jobified=0
Direct3D:
    Version:  Direct3D 11.0 [level 11.1]
    Renderer: NVIDIA GeForce GTX 1650 (ID=0x1f91)
    Vendor:   NVIDIA
    VRAM:     3952 MB
    Driver:   31.0.15.2802
Initialize mono
Mono path[0] = 'D:/UnityHub/2021.3.17f1/Editor/Data/Managed'
Mono path[1] = 'D:/UnityHub/2021.3.17f1/Editor/Data/MonoBleedingEdge/lib/mono/unityjit-win32'
Mono config path = 'D:/UnityHub/2021.3.17f1/Editor/Data/MonoBleedingEdge/etc'
Using monoOptions --debugger-agent=transport=dt_socket,embedding=1,server=y,suspend=n,address=127.0.0.1:56600
Begin MonoManager ReloadAssembly
Registering precompiled unity dll's ...
Register platform support module: D:/UnityHub/2021.3.17f1/Editor/Data/PlaybackEngines/WebGLSupport/UnityEditor.WebGL.Extensions.dll
Register platform support module: D:/UnityHub/2021.3.17f1/Editor/Data/PlaybackEngines/WindowsStandaloneSupport/UnityEditor.WindowsStandalone.Extensions.dll
Registered in 0.007701 seconds.
Native extension for WindowsStandalone target not found
Native extension for WebGL target not found
Refreshing native plugins compatible for Editor in 448.68 ms, found 4 plugins.
Preloading 0 native plugins for Editor in 0.00 ms.
Mono: successfully reloaded assembly
- Completed reload, in  2.058 seconds
Domain Reload Profiling:
	ReloadAssembly (2059ms)
		BeginReloadAssembly (242ms)
			ExecutionOrderSort (0ms)
			DisableScriptedObjects (0ms)
			BackupInstance (0ms)
			ReleaseScriptingObjects (0ms)
			CreateAndSetChildDomain (2ms)
		EndReloadAssembly (1479ms)
			LoadAssemblies (241ms)
			RebuildTransferFunctionScriptingTraits (0ms)
			SetupTypeCache (315ms)
			ReleaseScriptCaches (0ms)
			RebuildScriptCaches (112ms)
			SetupLoadedEditorAssemblies (881ms)
				LogAssemblyErrors (0ms)
				InitializePlatformSupportModulesInManaged (25ms)
				SetLoadedEditorAssemblies (1ms)
				RefreshPlugins (449ms)
				BeforeProcessingInitializeOnLoad (3ms)
				ProcessInitializeOnLoadAttributes (302ms)
				ProcessInitializeOnLoadMethodAttributes (102ms)
				AfterProcessingInitializeOnLoad (0ms)
				EditorAssembliesLoaded (0ms)
			ExecutionOrderSort2 (0ms)
			AwakeInstancesAfterBackupRestoration (0ms)
Platform modules already initialized, skipping
Registering precompiled user dll's ...
Registered in 0.011052 seconds.
Begin MonoManager ReloadAssembly
Symbol file LoadedFromMemory doesn't match image D:\UnityHub\Game\RunningAction\DinoRun\Library\PackageCache\com.unity.visualscripting@1.8.0\Editor\VisualScripting.Core\Dependencies\YamlDotNet\Unity.VisualScripting.YamlDotNet.dll
Symbol file LoadedFromMemory doesn't match image D:\UnityHub\Game\RunningAction\DinoRun\Library\PackageCache\com.unity.visualscripting@1.8.0\Editor\VisualScripting.Core\Dependencies\DotNetZip\Unity.VisualScripting.IonicZip.dll
Native extension for WindowsStandalone target not found
Native extension for WebGL target not found
Refreshing native plugins compatible for Editor in 226.50 ms, found 4 plugins.
Preloading 0 native plugins for Editor in 0.00 ms.
Mono: successfully reloaded assembly
- Completed reload, in  2.501 seconds
Domain Reload Profiling:
	ReloadAssembly (2502ms)
		BeginReloadAssembly (171ms)
			ExecutionOrderSort (0ms)
			DisableScriptedObjects (9ms)
			BackupInstance (0ms)
			ReleaseScriptingObjects (0ms)
			CreateAndSetChildDomain (31ms)
		EndReloadAssembly (2128ms)
			LoadAssemblies (140ms)
			RebuildTransferFunctionScriptingTraits (0ms)
			SetupTypeCache (519ms)
			ReleaseScriptCaches (2ms)
			RebuildScriptCaches (124ms)
			SetupLoadedEditorAssemblies (1163ms)
				LogAssemblyErrors (0ms)
				InitializePlatformSupportModulesInManaged (8ms)
				SetLoadedEditorAssemblies (0ms)
				RefreshPlugins (227ms)
				BeforeProcessingInitializeOnLoad (220ms)
				ProcessInitializeOnLoadAttributes (512ms)
				ProcessInitializeOnLoadMethodAttributes (193ms)
				AfterProcessingInitializeOnLoad (3ms)
				EditorAssembliesLoaded (0ms)
			ExecutionOrderSort2 (0ms)
			AwakeInstancesAfterBackupRestoration (10ms)
Platform modules already initialized, skipping
========================================================================
Worker process is ready to serve import requests
Launched and connected shader compiler UnityShaderCompiler.exe after 0.08 seconds
Refreshing native plugins compatible for Editor in 3.43 ms, found 4 plugins.
Preloading 0 native plugins for Editor in 0.00 ms.
Unloading 5538 Unused Serialized files (Serialized files now loaded: 0)
Unloading 58 unused Assets / (1.2 MB). Loaded Objects now: 5973.
Memory consumption went from 215.3 MB to 214.0 MB.
Total: 8.306900 ms (FindLiveObjects: 0.901900 ms CreateObjectMapping: 0.814700 ms MarkObjects: 5.603000 ms  DeleteObjects: 0.985600 ms)

AssetImportParameters requested are different than current active one (requested -> active):
  custom:video-decoder-ogg-theora: a1e56fd34408186e4bbccfd4996cb3dc -> 
  custom:container-muxer-webm: aa71ff27fc2769a1b78a27578f13a17b -> 
  custom:container-demuxer-webm: 4f35f7cbe854078d1ac9338744f61a02 -> 
  custom:video-encoder-webm-vp8: eb34c28f22e8b96e1ab97ce403110664 -> 
  custom:audio-encoder-webm-vorbis: bf7c407c2cedff20999df2af8eb42d56 -> 
  custom:framework-win-MediaFoundation: 216162199b28c13a410421893ffa2e32 -> 
  custom:container-demuxer-ogg: 62fdf1f143b41e24485cea50d1cbac27 -> 
  custom:video-decoder-webm-vp8: 9c59270c3fd7afecdb556c50c9e8de78 -> 
  custom:audio-decoder-ogg-vorbis: bf7c407c2cedff20999df2af8eb42d56 -> 
========================================================================
Received Import Request.
  Time since last request: 760163.588916 seconds.
  path: Assets/Source/Grey_White.png
  artifactKey: Guid(77d2d493db24bb546a0ad29f54497709) Importer(815301076,1909f56bfc062723c751e8b465ee728b)
Start importing Assets/Source/Grey_White.png using Guid(77d2d493db24bb546a0ad29f54497709) Importer(815301076,1909f56bfc062723c751e8b465ee728b)  -> (artifact id: '2d6c0a419e1d72d95ae57bb56dbd91cf') in 0.285377 seconds 
========================================================================
Received Import Request.
  Time since last request: 911.886898 seconds.
  path: Assets/Source/Grey.png
  artifactKey: Guid(11230835c126c8740bb8a52490e6e373) Importer(815301076,1909f56bfc062723c751e8b465ee728b)
Start importing Assets/Source/Grey.png using Guid(11230835c126c8740bb8a52490e6e373) Importer(815301076,1909f56bfc062723c751e8b465ee728b)  -> (artifact id: 'ce387cd5c68aff6c49cc5b024238ccc0') in 0.034320 seconds 
========================================================================
Received Import Request.
  Time since last request: 6.842816 seconds.
  path: Assets/Source/Grey_White.png
  artifactKey: Guid(77d2d493db24bb546a0ad29f54497709) Importer(815301076,1909f56bfc062723c751e8b465ee728b)
Start importing Assets/Source/Grey_White.png using Guid(77d2d493db24bb546a0ad29f54497709) Importer(815301076,1909f56bfc062723c751e8b465ee728b)  -> (artifact id: 'be7f5a8fb7492f902a42eee23583f6ce') in 0.011707 seconds 
========================================================================
Received Import Request.
  Time since last request: 56.173962 seconds.
  path: Assets/Source/Grey.png
  artifactKey: Guid(11230835c126c8740bb8a52490e6e373) Importer(815301076,1909f56bfc062723c751e8b465ee728b)
Start importing Assets/Source/Grey.png using Guid(11230835c126c8740bb8a52490e6e373) Importer(815301076,1909f56bfc062723c751e8b465ee728b)  -> (artifact id: '5019c0c4aa9a59786a87169b9af1f6f3') in 0.012786 seconds 
========================================================================
Received Import Request.
  Time since last request: 142.356108 seconds.
  path: Assets/Scripts/Player.cs
  artifactKey: Guid(bd02214c83126374d9d7bb62a6936b56) Importer(815301076,1909f56bfc062723c751e8b465ee728b)
Start importing Assets/Scripts/Player.cs using Guid(bd02214c83126374d9d7bb62a6936b56) Importer(815301076,1909f56bfc062723c751e8b465ee728b)  -> (artifact id: 'd28ab8a4c59664f42e5bdc4148920148') in 0.024782 seconds 
========================================================================
Received Import Request.
  Time since last request: 391.702361 seconds.
  path: Assets/Sprites/Grey_White.png
  artifactKey: Guid(77d2d493db24bb546a0ad29f54497709) Importer(815301076,1909f56bfc062723c751e8b465ee728b)
Start importing Assets/Sprites/Grey_White.png using Guid(77d2d493db24bb546a0ad29f54497709) Importer(815301076,1909f56bfc062723c751e8b465ee728b)  -> (artifact id: 'f49889177090cb6ba106714de4c23633') in 0.019286 seconds 
========================================================================
Received Import Request.
  Time since last request: 44.505647 seconds.
  path: Assets/Sprites/Grey_White.png
  artifactKey: Guid(77d2d493db24bb546a0ad29f54497709) Importer(815301076,1909f56bfc062723c751e8b465ee728b)
Start importing Assets/Sprites/Grey_White.png using Guid(77d2d493db24bb546a0ad29f54497709) Importer(815301076,1909f56bfc062723c751e8b465ee728b)  -> (artifact id: '48920ae02730015ddf0f56781a22e74b') in 0.012189 seconds 
========================================================================
Received Import Request.
  Time since last request: 5.141191 seconds.
  path: Assets/Sprites/Grey.png
  artifactKey: Guid(11230835c126c8740bb8a52490e6e373) Importer(815301076,1909f56bfc062723c751e8b465ee728b)
Start importing Assets/Sprites/Grey.png using Guid(11230835c126c8740bb8a52490e6e373) Importer(815301076,1909f56bfc062723c751e8b465ee728b)  -> (artifact id: 'f25ae88fd04f34741b84d5c7152f4137') in 0.009925 seconds 
========================================================================
Received Import Request.
  Time since last request: 7227.583104 seconds.
  path: Assets/Sprites/Grey_White.png
  artifactKey: Guid(77d2d493db24bb546a0ad29f54497709) Importer(815301076,1909f56bfc062723c751e8b465ee728b)
Start importing Assets/Sprites/Grey_White.png using Guid(77d2d493db24bb546a0ad29f54497709) Importer(815301076,1909f56bfc062723c751e8b465ee728b)  -> (artifact id: '8fd732b652eddfa48eea2fb7fc22705a') in 0.035808 seconds 
========================================================================
Received Import Request.
  Time since last request: 3.012834 seconds.
  path: Assets/Sprites/Grey.png
  artifactKey: Guid(11230835c126c8740bb8a52490e6e373) Importer(815301076,1909f56bfc062723c751e8b465ee728b)
Start importing Assets/Sprites/Grey.png using Guid(11230835c126c8740bb8a52490e6e373) Importer(815301076,1909f56bfc062723c751e8b465ee728b)  -> (artifact id: 'b0b9b569bd4eb15abba2fec7a1e58594') in 0.015196 seconds 
========================================================================
Received Import Request.
  Time since last request: 2195.633945 seconds.
  path: Assets/Sprites/Under.png
  artifactKey: Guid(9d1dcfb2b83645c4f965d4fdfd5c8f23) Importer(815301076,1909f56bfc062723c751e8b465ee728b)
Start importing Assets/Sprites/Under.png using Guid(9d1dcfb2b83645c4f965d4fdfd5c8f23) Importer(815301076,1909f56bfc062723c751e8b465ee728b)  -> (artifact id: '9df90e98f8df30b004cacfe2482adf05') in 0.048394 seconds 
========================================================================
Received Import Request.
  Time since last request: 28.898291 seconds.
  path: Assets/Sprites/Under.png
  artifactKey: Guid(9d1dcfb2b83645c4f965d4fdfd5c8f23) Importer(815301076,1909f56bfc062723c751e8b465ee728b)
Start importing Assets/Sprites/Under.png using Guid(9d1dcfb2b83645c4f965d4fdfd5c8f23) Importer(815301076,1909f56bfc062723c751e8b465ee728b)  -> (artifact id: '15ab29bf890fc1f015ff1d43dd1929b7') in 0.016473 seconds 
========================================================================
Received Import Request.
  Time since last request: 18.140129 seconds.
  path: Assets/Sprites/Under.png
  artifactKey: Guid(9d1dcfb2b83645c4f965d4fdfd5c8f23) Importer(815301076,1909f56bfc062723c751e8b465ee728b)
Start importing Assets/Sprites/Under.png using Guid(9d1dcfb2b83645c4f965d4fdfd5c8f23) Importer(815301076,1909f56bfc062723c751e8b465ee728b)  -> (artifact id: '4eacceaafa67cfc00254f338b7c77e13') in 0.011467 seconds 
========================================================================
Received Import Request.
  Time since last request: 719.680531 seconds.
  path: Assets/Sprites/Night.png
  artifactKey: Guid(70e81b637b1f55c4899387b16c9c6960) Importer(815301076,1909f56bfc062723c751e8b465ee728b)
Start importing Assets/Sprites/Night.png using Guid(70e81b637b1f55c4899387b16c9c6960) Importer(815301076,1909f56bfc062723c751e8b465ee728b)  -> (artifact id: '1df50953e3f48700e97805936f4efde3') in 0.068438 seconds 
========================================================================
Received Import Request.
  Time since last request: 0.000054 seconds.
  path: Assets/Sprites/Sky.png
  artifactKey: Guid(e9efdf686fd9bbb48b0867fa5b15dd33) Importer(815301076,1909f56bfc062723c751e8b465ee728b)
Start importing Assets/Sprites/Sky.png using Guid(e9efdf686fd9bbb48b0867fa5b15dd33) Importer(815301076,1909f56bfc062723c751e8b465ee728b)  -> (artifact id: 'e5a3531cdd7859edd3c1506d7da42d5e') in 0.165319 seconds 
========================================================================
Received Import Request.
  Time since last request: 21.628184 seconds.
  path: Assets/Sprites/noon.png
  artifactKey: Guid(f420524e5ac5ba24bb3bf01ccfa16a32) Importer(815301076,1909f56bfc062723c751e8b465ee728b)
Start importing Assets/Sprites/noon.png using Guid(f420524e5ac5ba24bb3bf01ccfa16a32) Importer(815301076,1909f56bfc062723c751e8b465ee728b)  -> (artifact id: '53485cf731f9f6d3ff7b8f37e63c0c79') in 0.016438 seconds 
========================================================================
Received Import Request.
  Time since last request: 36.364343 seconds.
  path: Assets/Sprites/noon.png
  artifactKey: Guid(f420524e5ac5ba24bb3bf01ccfa16a32) Importer(815301076,1909f56bfc062723c751e8b465ee728b)
Start importing Assets/Sprites/noon.png using Guid(f420524e5ac5ba24bb3bf01ccfa16a32) Importer(815301076,1909f56bfc062723c751e8b465ee728b)  -> (artifact id: 'b91a3839a0d3d9533e42aac3eb07718c') in 0.016266 seconds 
========================================================================
Received Import Request.
  Time since last request: 40.683569 seconds.
  path: Assets/Sprites/Sky.png
  artifactKey: Guid(e9efdf686fd9bbb48b0867fa5b15dd33) Importer(815301076,1909f56bfc062723c751e8b465ee728b)
Start importing Assets/Sprites/Sky.png using Guid(e9efdf686fd9bbb48b0867fa5b15dd33) Importer(815301076,1909f56bfc062723c751e8b465ee728b)  -> (artifact id: '27d23cfa7af01c20e0ae68f8781bc89c') in 0.019885 seconds 
========================================================================
Received Import Request.
  Time since last request: 130.870546 seconds.
  path: Assets/Sprites/Sky.png
  artifactKey: Guid(e9efdf686fd9bbb48b0867fa5b15dd33) Importer(815301076,1909f56bfc062723c751e8b465ee728b)
Start importing Assets/Sprites/Sky.png using Guid(e9efdf686fd9bbb48b0867fa5b15dd33) Importer(815301076,1909f56bfc062723c751e8b465ee728b)  -> (artifact id: '213eb888559323c5cb507e645088241c') in 0.017465 seconds 
========================================================================
Received Import Request.
  Time since last request: 9.885575 seconds.
  path: Assets/Sprites/Night.png
  artifactKey: Guid(70e81b637b1f55c4899387b16c9c6960) Importer(815301076,1909f56bfc062723c751e8b465ee728b)
Start importing Assets/Sprites/Night.png using Guid(70e81b637b1f55c4899387b16c9c6960) Importer(815301076,1909f56bfc062723c751e8b465ee728b)  -> (artifact id: 'bac30384e06e0bbd7b6a4c7d75033a6d') in 0.013508 seconds 
========================================================================
Received Prepare
Registering precompiled user dll's ...
Registered in 0.007757 seconds.
Begin MonoManager ReloadAssembly
Symbol file LoadedFromMemory doesn't match image D:\UnityHub\Game\RunningAction\DinoRun\Library\PackageCache\com.unity.visualscripting@1.8.0\Editor\VisualScripting.Core\Dependencies\YamlDotNet\Unity.VisualScripting.YamlDotNet.dll
Symbol file LoadedFromMemory doesn't match image D:\UnityHub\Game\RunningAction\DinoRun\Library\PackageCache\com.unity.visualscripting@1.8.0\Editor\VisualScripting.Core\Dependencies\DotNetZip\Unity.VisualScripting.IonicZip.dll
Native extension for WindowsStandalone target not found
Native extension for WebGL target not found
Refreshing native plugins compatible for Editor in 0.99 ms, found 4 plugins.
Preloading 0 native plugins for Editor in 0.00 ms.
Mono: successfully reloaded assembly
- Completed reload, in  2.365 seconds
Domain Reload Profiling:
	ReloadAssembly (2366ms)
		BeginReloadAssembly (394ms)
			ExecutionOrderSort (0ms)
			DisableScriptedObjects (37ms)
			BackupInstance (0ms)
			ReleaseScriptingObjects (0ms)
			CreateAndSetChildDomain (124ms)
		EndReloadAssembly (1814ms)
			LoadAssemblies (234ms)
			RebuildTransferFunctionScriptingTraits (0ms)
			SetupTypeCache (830ms)
			ReleaseScriptCaches (2ms)
			RebuildScriptCaches (70ms)
			SetupLoadedEditorAssemblies (682ms)
				LogAssemblyErrors (0ms)
				InitializePlatformSupportModulesInManaged (16ms)
				SetLoadedEditorAssemblies (1ms)
				RefreshPlugins (1ms)
				BeforeProcessingInitializeOnLoad (115ms)
				ProcessInitializeOnLoadAttributes (380ms)
				ProcessInitializeOnLoadMethodAttributes (166ms)
				AfterProcessingInitializeOnLoad (3ms)
				EditorAssembliesLoaded (0ms)
			ExecutionOrderSort2 (0ms)
			AwakeInstancesAfterBackupRestoration (15ms)
Platform modules already initialized, skipping
Refreshing native plugins compatible for Editor in 3.10 ms, found 4 plugins.
Preloading 0 native plugins for Editor in 0.00 ms.
Unloading 5421 Unused Serialized files (Serialized files now loaded: 0)
Unloading 45 unused Assets / (1.2 MB). Loaded Objects now: 5984.
Memory consumption went from 211.4 MB to 210.2 MB.
Total: 8.369900 ms (FindLiveObjects: 0.486100 ms CreateObjectMapping: 0.449400 ms MarkObjects: 6.536300 ms  DeleteObjects: 0.896200 ms)

AssetImportParameters requested are different than current active one (requested -> active):
  custom:video-decoder-ogg-theora: a1e56fd34408186e4bbccfd4996cb3dc -> 
  custom:container-muxer-webm: aa71ff27fc2769a1b78a27578f13a17b -> 
  custom:container-demuxer-webm: 4f35f7cbe854078d1ac9338744f61a02 -> 
  custom:video-encoder-webm-vp8: eb34c28f22e8b96e1ab97ce403110664 -> 
  custom:audio-encoder-webm-vorbis: bf7c407c2cedff20999df2af8eb42d56 -> 
  custom:framework-win-MediaFoundation: 216162199b28c13a410421893ffa2e32 -> 
  custom:container-demuxer-ogg: 62fdf1f143b41e24485cea50d1cbac27 -> 
  custom:video-decoder-webm-vp8: 9c59270c3fd7afecdb556c50c9e8de78 -> 
  custom:audio-decoder-ogg-vorbis: bf7c407c2cedff20999df2af8eb42d56 -> 
========================================================================
Received Prepare
Registering precompiled user dll's ...
Registered in 0.006590 seconds.
Begin MonoManager ReloadAssembly
Symbol file LoadedFromMemory doesn't match image D:\UnityHub\Game\RunningAction\DinoRun\Library\PackageCache\com.unity.visualscripting@1.8.0\Editor\VisualScripting.Core\Dependencies\YamlDotNet\Unity.VisualScripting.YamlDotNet.dll
Symbol file LoadedFromMemory doesn't match image D:\UnityHub\Game\RunningAction\DinoRun\Library\PackageCache\com.unity.visualscripting@1.8.0\Editor\VisualScripting.Core\Dependencies\DotNetZip\Unity.VisualScripting.IonicZip.dll
Native extension for WindowsStandalone target not found
Native extension for WebGL target not found
Refreshing native plugins compatible for Editor in 1.39 ms, found 4 plugins.
Preloading 0 native plugins for Editor in 0.00 ms.
Mono: successfully reloaded assembly
- Completed reload, in  1.951 seconds
Domain Reload Profiling:
	ReloadAssembly (1953ms)
		BeginReloadAssembly (168ms)
			ExecutionOrderSort (0ms)
			DisableScriptedObjects (10ms)
			BackupInstance (0ms)
			ReleaseScriptingObjects (0ms)
			CreateAndSetChildDomain (58ms)
		EndReloadAssembly (1649ms)
			LoadAssemblies (106ms)
			RebuildTransferFunctionScriptingTraits (0ms)
			SetupTypeCache (498ms)
			ReleaseScriptCaches (3ms)
			RebuildScriptCaches (101ms)
			SetupLoadedEditorAssemblies (749ms)
				LogAssemblyErrors (0ms)
				InitializePlatformSupportModulesInManaged (20ms)
				SetLoadedEditorAssemblies (1ms)
				RefreshPlugins (1ms)
				BeforeProcessingInitializeOnLoad (144ms)
				ProcessInitializeOnLoadAttributes (423ms)
				ProcessInitializeOnLoadMethodAttributes (157ms)
				AfterProcessingInitializeOnLoad (3ms)
				EditorAssembliesLoaded (0ms)
			ExecutionOrderSort2 (0ms)
			AwakeInstancesAfterBackupRestoration (16ms)
Platform modules already initialized, skipping
Refreshing native plugins compatible for Editor in 4.69 ms, found 4 plugins.
Preloading 0 native plugins for Editor in 0.00 ms.
Unloading 5421 Unused Serialized files (Serialized files now loaded: 0)
Unloading 45 unused Assets / (1.2 MB). Loaded Objects now: 5987.
Memory consumption went from 211.4 MB to 210.2 MB.
Total: 8.045400 ms (FindLiveObjects: 0.629100 ms CreateObjectMapping: 1.052000 ms MarkObjects: 5.106900 ms  DeleteObjects: 1.255400 ms)

AssetImportParameters requested are different than current active one (requested -> active):
  custom:video-decoder-ogg-theora: a1e56fd34408186e4bbccfd4996cb3dc -> 
  custom:container-muxer-webm: aa71ff27fc2769a1b78a27578f13a17b -> 
  custom:container-demuxer-webm: 4f35f7cbe854078d1ac9338744f61a02 -> 
  custom:video-encoder-webm-vp8: eb34c28f22e8b96e1ab97ce403110664 -> 
  custom:audio-encoder-webm-vorbis: bf7c407c2cedff20999df2af8eb42d56 -> 
  custom:framework-win-MediaFoundation: 216162199b28c13a410421893ffa2e32 -> 
  custom:container-demuxer-ogg: 62fdf1f143b41e24485cea50d1cbac27 -> 
  custom:video-decoder-webm-vp8: 9c59270c3fd7afecdb556c50c9e8de78 -> 
  custom:audio-decoder-ogg-vorbis: bf7c407c2cedff20999df2af8eb42d56 -> 
========================================================================
Received Import Request.
  Time since last request: 411.671543 seconds.
  path: Assets/Scenes/PlayScene
  artifactKey: Guid(357601c2930d4c141b249cfe8eb4a7ec) Importer(815301076,1909f56bfc062723c751e8b465ee728b)
Start importing Assets/Scenes/PlayScene using Guid(357601c2930d4c141b249cfe8eb4a7ec) Importer(815301076,1909f56bfc062723c751e8b465ee728b)  -> (artifact id: '9f6cd4b7ca9d44c04e793e9930a0cb6e') in 0.029718 seconds 
========================================================================
Received Import Request.
  Time since last request: 0.057536 seconds.
  path: Assets/Scenes/PlayScene/Global Volume Profile.asset
  artifactKey: Guid(f186bb1a154d54845b4a29fb2e8eda51) Importer(815301076,1909f56bfc062723c751e8b465ee728b)
Start importing Assets/Scenes/PlayScene/Global Volume Profile.asset using Guid(f186bb1a154d54845b4a29fb2e8eda51) Importer(815301076,1909f56bfc062723c751e8b465ee728b)  -> (artifact id: '118e57a8a9dde4fd6aee63d3a213721a') in 0.033926 seconds 
========================================================================
Received Import Request.
  Time since last request: 17.886444 seconds.
  path: Assets/MyVolume.asset
  artifactKey: Guid(f186bb1a154d54845b4a29fb2e8eda51) Importer(815301076,1909f56bfc062723c751e8b465ee728b)
Start importing Assets/MyVolume.asset using Guid(f186bb1a154d54845b4a29fb2e8eda51) Importer(815301076,1909f56bfc062723c751e8b465ee728b)  -> (artifact id: '07cefe5d1b47bdd563faed67966e8340') in 0.011975 seconds 
========================================================================
Received Import Request.
  Time since last request: 24.792102 seconds.
  path: Assets/MyVolume.asset
  artifactKey: Guid(f186bb1a154d54845b4a29fb2e8eda51) Importer(815301076,1909f56bfc062723c751e8b465ee728b)
Start importing Assets/MyVolume.asset using Guid(f186bb1a154d54845b4a29fb2e8eda51) Importer(815301076,1909f56bfc062723c751e8b465ee728b)  -> (artifact id: '6c1224ad685516e2824721cccf559ffe') in 0.014863 seconds 
========================================================================
Received Import Request.
  Time since last request: 9.127858 seconds.
  path: Assets/MyVolume.asset
  artifactKey: Guid(f186bb1a154d54845b4a29fb2e8eda51) Importer(815301076,1909f56bfc062723c751e8b465ee728b)
Start importing Assets/MyVolume.asset using Guid(f186bb1a154d54845b4a29fb2e8eda51) Importer(815301076,1909f56bfc062723c751e8b465ee728b)  -> (artifact id: 'fee830a66d77ee28c3a45d841ba5e2d4') in 0.004452 seconds 
========================================================================
Received Import Request.
  Time since last request: 270.927014 seconds.
  path: Assets/MyVolume.asset
  artifactKey: Guid(f186bb1a154d54845b4a29fb2e8eda51) Importer(815301076,1909f56bfc062723c751e8b465ee728b)
Start importing Assets/MyVolume.asset using Guid(f186bb1a154d54845b4a29fb2e8eda51) Importer(815301076,1909f56bfc062723c751e8b465ee728b)  -> (artifact id: '88028310e536715df717a48690d7fc0f') in 0.004958 seconds 
